Using pre-set license

 COMMAND LINE ARGUMENTS:
/Applications/Unity/Hub/Editor/2020.3.11f1/Unity.app/Contents/MacOS/Unity
-adb2
-batchMode
-noUpm
-name
AssetImportWorker0
-projectPath
/Users/jacobyakubisin/Documents/GitHub/WVGDGMTK/GMTK 2022.2
-logFile
Logs/AssetImportWorker0.log
-srvPort
64261
Successfully changed project path to: /Users/jacobyakubisin/Documents/GitHub/WVGDGMTK/GMTK 2022.2
/Users/jacobyakubisin/Documents/GitHub/WVGDGMTK/GMTK 2022.2
Using Asset Import Pipeline V2.
Refreshing native plugins compatible for Editor in 66.20 ms, found 3 plugins.
Preloading 0 native plugins for Editor in 0.00 ms.
Initialize engine version: 2020.3.11f1 (99c7afb366b3)
[Subsystems] Discovering subsystems at path /Applications/Unity/Hub/Editor/2020.3.11f1/Unity.app/Contents/Resources/UnitySubsystems
[Subsystems] Discovering subsystems at path /Users/jacobyakubisin/Documents/GitHub/WVGDGMTK/GMTK 2022.2/Assets
GfxDevice: creating device client; threaded=0
2022-07-15 08:50:46.886 Unity[79999:11196425] Color LCD preferred device: Intel(R) Iris(TM) Plus Graphics 645 (low power)
2022-07-15 08:50:46.886 Unity[79999:11196425] Metal devices available: 1
2022-07-15 08:50:46.886 Unity[79999:11196425] 0: Intel(R) Iris(TM) Plus Graphics 645 (low power)
2022-07-15 08:50:46.886 Unity[79999:11196425] Using device Intel(R) Iris(TM) Plus Graphics 645 (low power)
Initializing Metal device caps: Intel(R) Iris(TM) Plus Graphics 645
Initialize mono
Mono path[0] = '/Applications/Unity/Hub/Editor/2020.3.11f1/Unity.app/Contents/Managed'
Mono path[1] = '/Applications/Unity/Hub/Editor/2020.3.11f1/Unity.app/Contents/MonoBleedingEdge/lib/mono/unityjit'
Mono config path = '/Applications/Unity/Hub/Editor/2020.3.11f1/Unity.app/Contents/MonoBleedingEdge/etc'
Using monoOptions --debugger-agent=transport=dt_socket,embedding=1,server=y,suspend=n,address=127.0.0.1:56999
Begin MonoManager ReloadAssembly
Registering precompiled unity dll's ...
Register platform support module: /Applications/Unity/Hub/Editor/2020.3.11f1/PlaybackEngines/WebGLSupport/UnityEditor.WebGL.Extensions.dll
Register platform support module: /Applications/Unity/Hub/Editor/2020.3.11f1/Unity.app/Contents/PlaybackEngines/MacStandaloneSupport/UnityEditor.OSXStandalone.Extensions.dll
Registered in 0.003508 seconds.
Native extension for OSXStandalone target not found
Native extension for WebGL target not found
Refreshing native plugins compatible for Editor in 51.28 ms, found 3 plugins.
Preloading 0 native plugins for Editor in 0.00 ms.
Mono: successfully reloaded assembly
- Completed reload, in  1.564 seconds
Platform modules already initialized, skipping
Registering precompiled user dll's ...
Registered in 0.006819 seconds.
Begin MonoManager ReloadAssembly
Native extension for OSXStandalone target not found
Native extension for WebGL target not found
Refreshing native plugins compatible for Editor in 51.19 ms, found 3 plugins.
Preloading 0 native plugins for Editor in 0.00 ms.
Mono: successfully reloaded assembly
- Completed reload, in  1.573 seconds
Platform modules already initialized, skipping
========================================================================
Worker process is ready to serve import requests
Launching external process: /Applications/Unity/Hub/Editor/2020.3.11f1/Unity.app/Contents/Tools/UnityShaderCompiler
Launched and connected shader compiler UnityShaderCompiler after 0.01 seconds
Refreshing native plugins compatible for Editor in 0.79 ms, found 3 plugins.
Preloading 0 native plugins for Editor in 0.00 ms.
Unloading 2080 Unused Serialized files (Serialized files now loaded: 0)
System memory in use before: 168.5 MB.
System memory in use after: 168.5 MB.

Unloading 33 unused Assets to reduce memory usage. Loaded Objects now: 2513.
Total: 3.088075 ms (FindLiveObjects: 0.415892 ms CreateObjectMapping: 0.165209 ms MarkObjects: 2.342149 ms  DeleteObjects: 0.163646 ms)

========================================================================
Received Import Request.
  path: Assets
  artifactKey: Guid(00000000000000001000000000000000) Importer(815301076,1909f56bfc062723c751e8b465ee728b)
Start importing Assets using Guid(00000000000000001000000000000000) Importer(815301076,1909f56bfc062723c751e8b465ee728b)  -> (artifact id: '42d402b061de3733987d63b9cc3b64de') in 0.003727 seconds
  Import took 0.008724 seconds .

========================================================================
Received Import Request.
  Time since last request: 5.474724 seconds.
  path: Assets/Assets
  artifactKey: Guid(6f0bb6d4c632e447baa9217dadc6a321) Importer(815301076,1909f56bfc062723c751e8b465ee728b)
Start importing Assets/Assets using Guid(6f0bb6d4c632e447baa9217dadc6a321) Importer(815301076,1909f56bfc062723c751e8b465ee728b)  -> (artifact id: 'fd7b849d5aecd666318bc624a515b6c5') in 0.002576 seconds
  Import took 0.009089 seconds .

========================================================================
Received Import Request.
  Time since last request: 0.001542 seconds.
  path: Assets/Assets
  artifactKey: Guid(6f0bb6d4c632e447baa9217dadc6a321) Importer(815301076,1909f56bfc062723c751e8b465ee728b)
Start importing Assets/Assets using Guid(6f0bb6d4c632e447baa9217dadc6a321) Importer(815301076,1909f56bfc062723c751e8b465ee728b)  -> (artifact id: 'fd7b849d5aecd666318bc624a515b6c5') in 0.004357 seconds
  Import took 0.012614 seconds .

========================================================================
Received Import Request.
  Time since last request: 9.193469 seconds.
  path: Assets/Assets/Square.png
  artifactKey: Guid(d19793dacb5224f25a2f44ac1d05e8dc) Importer(815301076,1909f56bfc062723c751e8b465ee728b)
Start importing Assets/Assets/Square.png using Guid(d19793dacb5224f25a2f44ac1d05e8dc) Importer(815301076,1909f56bfc062723c751e8b465ee728b)  -> (artifact id: '9e3d59e1b70145e3454dad2fe10fb4fb') in 1.673575 seconds
  Import took 1.678016 seconds .

========================================================================
Received Import Request.
  Time since last request: 9.569512 seconds.
  path: Assets/Scripts
  artifactKey: Guid(895e73314e1e2420486477e655598fc7) Importer(815301076,1909f56bfc062723c751e8b465ee728b)
Start importing Assets/Scripts using Guid(895e73314e1e2420486477e655598fc7) Importer(815301076,1909f56bfc062723c751e8b465ee728b)  -> (artifact id: '85273b674a45f9e847d51c6c27e9ec29') in 0.002332 seconds
  Import took 0.008379 seconds .

========================================================================
Received Import Request.
  Time since last request: 0.002129 seconds.
  path: Assets/Scripts
  artifactKey: Guid(895e73314e1e2420486477e655598fc7) Importer(815301076,1909f56bfc062723c751e8b465ee728b)
Start importing Assets/Scripts using Guid(895e73314e1e2420486477e655598fc7) Importer(815301076,1909f56bfc062723c751e8b465ee728b)  -> (artifact id: '85273b674a45f9e847d51c6c27e9ec29') in 0.002820 seconds
  Import took 0.010543 seconds .

========================================================================
Received Import Request.
  Time since last request: 15.059641 seconds.
  path: Assets/Assets/Animations
  artifactKey: Guid(3fd5acf1b4ba44be3a25e92102b3d18e) Importer(815301076,1909f56bfc062723c751e8b465ee728b)
Start importing Assets/Assets/Animations using Guid(3fd5acf1b4ba44be3a25e92102b3d18e) Importer(815301076,1909f56bfc062723c751e8b465ee728b)  -> (artifact id: 'fe4543fb5d00a73cb6c61c0b4f86f3c2') in 0.002743 seconds
  Import took 0.012233 seconds .

========================================================================
Received Import Request.
  Time since last request: 0.008122 seconds.
  path: Assets/Assets/Animations
  artifactKey: Guid(3fd5acf1b4ba44be3a25e92102b3d18e) Importer(815301076,1909f56bfc062723c751e8b465ee728b)
Start importing Assets/Assets/Animations using Guid(3fd5acf1b4ba44be3a25e92102b3d18e) Importer(815301076,1909f56bfc062723c751e8b465ee728b)  -> (artifact id: 'fe4543fb5d00a73cb6c61c0b4f86f3c2') in 0.002951 seconds
  Import took 0.010851 seconds .

